<?xml version="1.0" encoding="UTF-8"?>
<!-- Generated by org.testng.reporters.JUnitReportReporter -->
<testsuite hostname="Abdo" failures="0" tests="1" name="testsAPI.RandomCatFact" time="3.118" errors="0" timestamp="2020-05-22T05:30:22 EET" skipped="0">
  <testcase classname="testsAPI.RandomCatFact" name="TextFieldNotEmpty" time="3.118"/>
</testsuite> <!-- testsAPI.RandomCatFact -->
